2019-03-20 02:18:29 +0000  Initial pipeline context: <IDEDistributionProcessingPipelineContext: 0x7fa8436023e0; archive(resolved)='<IDEArchive: 0x7fa83fbec960>', distributionTask(resolved)='2', distributionDestination(resolved)='1', distributionMethod(resolved)='<IDEDistributionMethodiOSAppStoreDistribution: 0x7fa85c439d40>', team(resolved)='<IDEProvisioningDisambiguatableBasicTeam: 0x7fa85aa8f1e0; teamID='BY3A7B54BR', teamName='Li Xueqing', teamType='Individual', username='xqli@sdu.edu.cn', isFreeProvisioningTeam='0'>'>
	Chain (12, self inclusive):
	<IDEDistributionProcessingPipelineContext: 0x7fa8436023e0; archive = '<IDEArchive: 0x7fa83fbec960>', distributionMethod='<IDEDistributionMethodiOSAppStoreDistribution: 0x7fa85c439d40>', team='<IDEProvisioningDisambiguatableBasicTeam: 0x7fa85aa8f1e0; teamID='BY3A7B54BR', teamName='Li Xueqing', teamType='Individual', username='xqli@sdu.edu.cn', isFreeProvisioningTeam='0'>'>
	<IDEDistributionProcessingPipelineContext: 0x7fa84360c190; archive = '<IDEArchive: 0x7fa83fbec960>', distributionMethod='<IDEDistributionMethodiOSAppStoreDistribution: 0x7fa85c439d40>', team='<IDEProvisioningDisambiguatableBasicTeam: 0x7fa85aa8f1e0; teamID='BY3A7B54BR', teamName='Li Xueqing', teamType='Individual', username='xqli@sdu.edu.cn', isFreeProvisioningTeam='0'>'>
	<IDEDistributionContext: 0x7fa83f81d0e0; archive = '<IDEArchive: 0x7fa83fbec960>', distributionMethod='<IDEDistributionMethodiOSAppStoreDistribution: 0x7fa85c439d40>', team='<IDEProvisioningDisambiguatableBasicTeam: 0x7fa85aa8f1e0; teamID='BY3A7B54BR', teamName='Li Xueqing', teamType='Individual', username='xqli@sdu.edu.cn', isFreeProvisioningTeam='0'>'>
	<IDEDistributionContext: 0x7fa8580b4510; archive = '<IDEArchive: 0x7fa83fbec960>', distributionMethod='<IDEDistributionMethodiOSAppStoreDistribution: 0x7fa85c439d40>', team='<IDEProvisioningDisambiguatableBasicTeam: 0x7fa85aa8f1e0; teamID='BY3A7B54BR', teamName='Li Xueqing', teamType='Individual', username='xqli@sdu.edu.cn', isFreeProvisioningTeam='0'>'>
	<IDEDistributionContext: 0x7fa840ec3cf0; archive = '<IDEArchive: 0x7fa83fbec960>', distributionMethod='<IDEDistributionMethodiOSAppStoreDistribution: 0x7fa85c439d40>', team='<IDEProvisioningDisambiguatableBasicTeam: 0x7fa85aa8f1e0; teamID='BY3A7B54BR', teamName='Li Xueqing', teamType='Individual', username='xqli@sdu.edu.cn', isFreeProvisioningTeam='0'>'>
	<IDEDistributionContext: 0x7fa840ed1c80; archive = '<IDEArchive: 0x7fa83fbec960>', distributionMethod='<IDEDistributionMethodiOSAppStoreDistribution: 0x7fa85c439d40>', team='<IDEProvisioningDisambiguatableBasicTeam: 0x7fa85aa8f1e0; teamID='BY3A7B54BR', teamName='Li Xueqing', teamType='Individual', username='xqli@sdu.edu.cn', isFreeProvisioningTeam='0'>'>
	<IDEDistributionContext: 0x7fa84351c7b0; archive = '<IDEArchive: 0x7fa83fbec960>', distributionMethod='<IDEDistributionMethodiOSAppStoreDistribution: 0x7fa85c439d40>', team='<IDEProvisioningDisambiguatableBasicTeam: 0x7fa85aa8f1e0; teamID='BY3A7B54BR', teamName='Li Xueqing', teamType='Individual', username='xqli@sdu.edu.cn', isFreeProvisioningTeam='0'>'>
	<IDEDistributionContext: 0x7fa840ec1890; archive = '<IDEArchive: 0x7fa83fbec960>', distributionMethod='<IDEDistributionMethodiOSAppStoreDistribution: 0x7fa85c439d40>', team='<IDEProvisioningDisambiguatableBasicTeam: 0x7fa85aa8f1e0; teamID='BY3A7B54BR', teamName='Li Xueqing', teamType='Individual', username='xqli@sdu.edu.cn', isFreeProvisioningTeam='0'>'>
	<IDEDistributionContext: 0x7fa840fe40b0; archive = '<IDEArchive: 0x7fa83fbec960>', distributionMethod='<IDEDistributionMethodiOSAppStoreDistribution: 0x7fa85c439d40>', team='<IDEProvisioningDisambiguatableBasicTeam: 0x7fa85aa8f1e0; teamID='BY3A7B54BR', teamName='Li Xueqing', teamType='Individual', username='xqli@sdu.edu.cn', isFreeProvisioningTeam='0'>'>
	<IDEDistributionContext: 0x7fa83f9674b0; archive = '<IDEArchive: 0x7fa83fbec960>', distributionMethod='<IDEDistributionMethodiOSAppStoreDistribution: 0x7fa85c439d40>', team='(null)'>
	<IDEDistributionContext: 0x7fa8432f4920; archive = '<IDEArchive: 0x7fa83fbec960>', distributionMethod='<IDEDistributionMethodiOSAppStoreDistribution: 0x7fa85c439d40>', team='(null)'>
	<IDEDistributionContext: 0x7fa83fb4bda0; archive = '<IDEArchive: 0x7fa83fbec960>', distributionMethod='(null)', team='(null)'>
</IDEDistributionProcessingPipelineContext: 0x7fa8436023e0>
2019-03-20 02:18:29 +0000  Processing step: IDEDistributionCreateDestRootStep
2019-03-20 02:18:29 +0000  Processing step: IDEDistributionCopyItemStep
2019-03-20 02:18:29 +0000  Running /usr/bin/ditto '-V' '/Users/danding/Library/Developer/Xcode/Archives/2019-03-20/rnSupnuevo 2019-3-20 10.13.xcarchive/Products/Applications/rnSupnuevo.app' '/var/folders/tm/4f8dhfvd5n37zxmgbyzqx_r00000gn/T/XcodeDistPipeline.fBY/Root/Payload/rnSupnuevo.app'
2019-03-20 02:18:29 +0000  >>> Copying /Users/danding/Library/Developer/Xcode/Archives/2019-03-20/rnSupnuevo 2019-3-20 10.13.xcarchive/Products/Applications/rnSupnuevo.app 
2019-03-20 02:18:29 +0000  copying file ./_CodeSignature/CodeResources ... 
2019-03-20 02:18:29 +0000  13605 bytes for ./_CodeSignature/CodeResources
2019-03-20 02:18:29 +0000  copying file ./Octicons.ttf ... 
2019-03-20 02:18:29 +0000  27520 bytes for ./Octicons.ttf
copying file ./Feather.ttf ... 
2019-03-20 02:18:29 +0000  55288 bytes for ./Feather.ttf
2019-03-20 02:18:29 +0000  copying file ./AppIcon20x20@2x.png ... 
2019-03-20 02:18:29 +0000  2417 bytes for ./AppIcon20x20@2x.png
copying file ./Entypo.ttf ... 
2019-03-20 02:18:29 +0000  65584 bytes for ./Entypo.ttf
copying file ./AppIcon20x20@3x.png ... 
2019-03-20 02:18:29 +0000  5106 bytes for ./AppIcon20x20@3x.png
2019-03-20 02:18:29 +0000  copying file ./MaterialCommunityIcons.ttf ... 
2019-03-20 02:18:29 +0000  322456 bytes for ./MaterialCommunityIcons.ttf
2019-03-20 02:18:29 +0000  copying file ./AppIcon60x60@2x.png ... 
2019-03-20 02:18:29 +0000  18036 bytes for ./AppIcon60x60@2x.png
copying file ./AppIcon29x29@2x.png ... 
2019-03-20 02:18:29 +0000  4771 bytes for ./AppIcon29x29@2x.png
copying file ./AppIcon40x40@3x.png ... 
2019-03-20 02:18:29 +0000  18036 bytes for ./AppIcon40x40@3x.png
copying file ./Foundation.ttf ... 
2019-03-20 02:18:29 +0000  56976 bytes for ./Foundation.ttf
copying file ./Ionicons.ttf ... 
2019-03-20 02:18:29 +0000  143936 bytes for ./Ionicons.ttf
2019-03-20 02:18:29 +0000  copying file ./AppIcon40x40@2x.png ... 
2019-03-20 02:18:29 +0000  8783 bytes for ./AppIcon40x40@2x.png
copying file ./AppIcon29x29@3x.png ... 
2019-03-20 02:18:29 +0000  10241 bytes for ./AppIcon29x29@3x.png
copying file ./AppIcon60x60@3x.png ... 
2019-03-20 02:18:29 +0000  35545 bytes for ./AppIcon60x60@3x.png
2019-03-20 02:18:29 +0000  copying file ./Base.lproj/LaunchScreen.nib ... 
2019-03-20 02:18:29 +0000  3099 bytes for ./Base.lproj/LaunchScreen.nib
2019-03-20 02:18:29 +0000  copying file ./FontAwesome.ttf ... 
2019-03-20 02:18:29 +0000  165548 bytes for ./FontAwesome.ttf
copying file ./Zocial.ttf ... 
2019-03-20 02:18:29 +0000  25552 bytes for ./Zocial.ttf
copying file ./rnSupnuevo ... 
2019-03-20 02:18:29 +0000  2524240 bytes for ./rnSupnuevo
copying file ./Assets.car ... 
2019-03-20 02:18:29 +0000  911384 bytes for ./Assets.car
copying file ./main.jsbundle.meta ... 
2019-03-20 02:18:29 +0000  21 bytes for ./main.jsbundle.meta
copying file ./EvilIcons.ttf ... 
2019-03-20 02:18:29 +0000  13128 bytes for ./EvilIcons.ttf
2019-03-20 02:18:29 +0000  copying file ./main.jsbundle ... 
2019-03-20 02:18:29 +0000  1670849 bytes for ./main.jsbundle
copying file ./SimpleLineIcons.ttf ... 
2019-03-20 02:18:29 +0000  54056 bytes for ./SimpleLineIcons.ttf
copying file ./embedded.mobileprovision ... 
2019-03-20 02:18:29 +0000  19685 bytes for ./embedded.mobileprovision
2019-03-20 02:18:29 +0000  copying file ./assets/App/img/tt1@2x.png ... 
2019-03-20 02:18:29 +0000  486193 bytes for ./assets/App/img/tt1@2x.png
copying file ./assets/App/img/cart.png ... 
2019-03-20 02:18:29 +0000  70374 bytes for ./assets/App/img/cart.png
copying file ./assets/App/img/tt4@2x.jpeg ... 
2019-03-20 02:18:29 +0000  61118 bytes for ./assets/App/img/tt4@2x.jpeg
copying file ./assets/App/img/tt2@2x.jpeg ... 
2019-03-20 02:18:29 +0000  44348 bytes for ./assets/App/img/tt2@2x.jpeg
copying file ./assets/App/img/tt3@2x.jpeg ... 
2019-03-20 02:18:29 +0000  15742 bytes for ./assets/App/img/tt3@2x.jpeg
2019-03-20 02:18:29 +0000  copying file ./assets/node_modules/react-native-datepicker/date_icon.png ... 
2019-03-20 02:18:29 +0000  1133 bytes for ./assets/node_modules/react-native-datepicker/date_icon.png
2019-03-20 02:18:29 +0000  copying file ./assets/node_modules/react-native-check-box/img/ic_check_box.png ... 
2019-03-20 02:18:29 +0000  169 bytes for ./assets/node_modules/react-native-check-box/img/ic_check_box.png
copying file ./assets/node_modules/react-native-check-box/img/ic_check_box_outline_blank@3x.png ... 
2019-03-20 02:18:29 +0000  218 bytes for ./assets/node_modules/react-native-check-box/img/ic_check_box_outline_blank@3x.png
copying file ./assets/node_modules/react-native-check-box/img/ic_check_box_outline_blank@2x.png ... 
2019-03-20 02:18:29 +0000  159 bytes for ./assets/node_modules/react-native-check-box/img/ic_check_box_outline_blank@2x.png
copying file ./assets/node_modules/react-native-check-box/img/ic_check_box@3x.png ... 
2019-03-20 02:18:29 +0000  388 bytes for ./assets/node_modules/react-native-check-box/img/ic_check_box@3x.png
2019-03-20 02:18:29 +0000  copying file ./assets/node_modules/react-native-check-box/img/ic_check_box_outline_blank.png ... 
2019-03-20 02:18:29 +0000  116 bytes for ./assets/node_modules/react-native-check-box/img/ic_check_box_outline_blank.png
copying file ./assets/node_modules/react-native-check-box/img/ic_check_box@2x.png ... 
2019-03-20 02:18:29 +0000  265 bytes for ./assets/node_modules/react-native-check-box/img/ic_check_box@2x.png
2019-03-20 02:18:29 +0000  copying file ./Info.plist ... 
2019-03-20 02:18:29 +0000  1998 bytes for ./Info.plist
copying file ./PkgInfo ... 
2019-03-20 02:18:29 +0000  8 bytes for ./PkgInfo
copying file ./MaterialIcons.ttf ... 
2019-03-20 02:18:29 +0000  128180 bytes for ./MaterialIcons.ttf
2019-03-20 02:18:29 +0000  /usr/bin/ditto exited with 0
2019-03-20 02:18:29 +0000  Processing step: IDEDistributionEmbedProfileStep
2019-03-20 02:18:29 +0000  Processing step: IDEDistributionItemRemovalStep
2019-03-20 02:18:29 +0000  Processing step: IDEDistributionAppThinningPlistStep
2019-03-20 02:18:29 +0000  Skipping step: IDEDistributionAppThinningPlistStep because it said so
2019-03-20 02:18:29 +0000  Processing step: IDEDistributionCompileBitcodeStep
2019-03-20 02:18:29 +0000  Skipping step: IDEDistributionCompileBitcodeStep because it said so
2019-03-20 02:18:29 +0000  Processing step: IDEDistributionCodeSlimmingStep
2019-03-20 02:18:29 +0000  Processing step: IDEDistributionCopyBCSymbolMapsStep
2019-03-20 02:18:29 +0000  Processing step: IDEDistributionSymbolsStep
2019-03-20 02:18:29 +0000  Processing symbols for rnSupnuevo.app
2019-03-20 02:18:29 +0000  Running /usr/bin/rsync '-8aPhhE' '/var/folders/tm/4f8dhfvd5n37zxmgbyzqx_r00000gn/T/XcodeDistPipeline.fBY/Root/Payload/rnSupnuevo.app' '--link-dest' '/var/folders/tm/4f8dhfvd5n37zxmgbyzqx_r00000gn/T/XcodeDistPipeline.fBY/Root/Payload' '/var/folders/tm/4f8dhfvd5n37zxmgbyzqx_r00000gn/T/XcodeDistPipeline.fBY'
2019-03-20 02:18:29 +0000  building file list ... 
2019-03-20 02:18:29 +0000   0 files...2019-03-20 02:18:29 +0000  50 files to consider
2019-03-20 02:18:29 +0000  rnSupnuevo.app/
2019-03-20 02:18:29 +0000  rnSupnuevo.app/Base.lproj/
2019-03-20 02:18:29 +0000  rnSupnuevo.app/_CodeSignature/
rnSupnuevo.app/assets/
rnSupnuevo.app/assets/App/
rnSupnuevo.app/assets/App/img/
rnSupnuevo.app/assets/node_modules/
rnSupnuevo.app/assets/node_modules/react-native-check-box/
rnSupnuevo.app/assets/node_modules/react-native-check-box/img/
rnSupnuevo.app/assets/node_modules/react-native-datepicker/
2019-03-20 02:18:29 +0000  
2019-03-20 02:18:29 +0000  sent 1.36K bytes  received 80 bytes  2.87K bytes/sec
total size is 6.65M  speedup is 4750.75
2019-03-20 02:18:29 +0000  /usr/bin/rsync exited with 0
2019-03-20 02:18:29 +0000  Running /usr/bin/rsync '-8aPhhE' '/Users/danding/Library/Developer/Xcode/Archives/2019-03-20/rnSupnuevo 2019-3-20 10.13.xcarchive/dSYMs/' '--link-dest' '/Users/danding/Library/Developer/Xcode/Archives/2019-03-20/rnSupnuevo 2019-3-20 10.13.xcarchive/dSYMs/' '/var/folders/tm/4f8dhfvd5n37zxmgbyzqx_r00000gn/T/XcodeDistPipeline.fBY'
2019-03-20 02:18:29 +0000  building file list ... 
2019-03-20 02:18:29 +0000   0 files...2019-03-20 02:18:29 +0000  7 files to consider
2019-03-20 02:18:29 +0000  ./
2019-03-20 02:18:29 +0000  rnSupnuevo.app.dSYM/
rnSupnuevo.app.dSYM/Contents/
2019-03-20 02:18:29 +0000  rnSupnuevo.app.dSYM/Contents/Resources/
rnSupnuevo.app.dSYM/Contents/Resources/DWARF/
2019-03-20 02:18:29 +0000  
sent 254 bytes  received 50 bytes  608.00 bytes/sec
2019-03-20 02:18:29 +0000  total size is 2.42M  speedup is 8336.67
2019-03-20 02:18:29 +0000  /usr/bin/rsync exited with 0
2019-03-20 02:18:29 +0000  Running /Applications/Xcode.app/Contents/Developer/usr/bin/symbols '-noTextInSOD' '-noDaemon' '-arch' 'all' '-symbolsPackageDir' '/var/folders/tm/4f8dhfvd5n37zxmgbyzqx_r00000gn/T/XcodeDistPipeline.fBY/Symbols' '/var/folders/tm/4f8dhfvd5n37zxmgbyzqx_r00000gn/T/XcodeDistPipeline.fBY/rnSupnuevo.app.dSYM/Contents/Resources/Dwarf/rnSupnuevo'
2019-03-20 02:18:29 +0000  /var/folders/tm/4f8dhfvd5n37zxmgbyzqx_r00000gn/T/XcodeDistPipeline.fBY/rnSupnuevo.app.dSYM/Contents/Resources/Dwarf/rnSupnuevo [armv7, 0.047634 seconds]:
/var/folders/tm/4f8dhfvd5n37zxmgbyzqx_r00000gn/T/XcodeDistPipeline.fBY/rnSupnuevo.app.dSYM/Contents/Resources/Dwarf/rnSupnuevo [arm64, 0.047634 seconds]:
2019-03-20 02:18:29 +0000  /Applications/Xcode.app/Contents/Developer/usr/bin/symbols exited with 0
2019-03-20 02:18:29 +0000  Processing step: IDEDistributionCopyAppleProvidedContentStep
2019-03-20 02:18:29 +0000  Processing step: IDEDistributionAppThinningStep
2019-03-20 02:18:29 +0000  Skipping step: IDEDistributionAppThinningStep because it said so
2019-03-20 02:18:29 +0000  Processing step: IDEDistributionArchThinningStep
2019-03-20 02:18:29 +0000  Running /Applications/Xcode.app/Contents/Developer/Toolchains/XcodeDefault.xctoolchain/usr/bin/lipo '/var/folders/tm/4f8dhfvd5n37zxmgbyzqx_r00000gn/T/XcodeDistPipeline.fBY/Root/Payload/rnSupnuevo.app/rnSupnuevo' '-verify_arch' 'arm64e'
2019-03-20 02:18:29 +0000  /Applications/Xcode.app/Contents/Developer/Toolchains/XcodeDefault.xctoolchain/usr/bin/lipo exited with 1
2019-03-20 02:18:29 +0000  Skipping architecture thinning for item "rnSupnuevo" because arch "arm64e" wasn't found
2019-03-20 02:18:29 +0000  Processing step: IDEDistributionODRStep
2019-03-20 02:18:29 +0000  Processing step: IDEDistributionStripXattrsStep
2019-03-20 02:18:29 +0000  Running /usr/bin/xattr '-crs' '/var/folders/tm/4f8dhfvd5n37zxmgbyzqx_r00000gn/T/XcodeDistPipeline.fBY/Root/Payload/rnSupnuevo.app'
2019-03-20 02:18:30 +0000  /usr/bin/xattr exited with 0
2019-03-20 02:18:30 +0000  Processing step: IDEDistributionCodesignStep
2019-03-20 02:18:30 +0000  Entitlements for <IDEDistributionItem: 0x7fa8437041d0 'com.ionic.supnuevo' '<DVTFilePath:0x7fa8433acf70:'/Users/danding/Library/Developer/Xcode/Archives/2019-03-20/rnSupnuevo 2019-3-20 10.13.xcarchive/Products/Applications/rnSupnuevo.app'>'>: {
    "application-identifier" = "BY3A7B54BR.com.ionic.supnuevo";
    "beta-reports-active" = 1;
    "com.apple.developer.team-identifier" = BY3A7B54BR;
    "get-task-allow" = 0;
    "keychain-access-groups" =     (
        "BY3A7B54BR.com.ionic.supnuevo"
    );
}
2019-03-20 02:18:30 +0000  Writing entitlements for <IDEDistributionItem: 0x7fa8437041d0 'com.ionic.supnuevo' '<DVTFilePath:0x7fa8433acf70:'/Users/danding/Library/Developer/Xcode/Archives/2019-03-20/rnSupnuevo 2019-3-20 10.13.xcarchive/Products/Applications/rnSupnuevo.app'>'> to: /var/folders/tm/4f8dhfvd5n37zxmgbyzqx_r00000gn/T/XcodeDistPipeline.fBY/entitlementsy5FgrP
2019-03-20 02:18:30 +0000  Running /usr/bin/codesign '-vvv' '--force' '--sign' '7D22978771F16FBD80ACC4E5DD637D3B03185B7D' '--entitlements' '/var/folders/tm/4f8dhfvd5n37zxmgbyzqx_r00000gn/T/XcodeDistPipeline.fBY/entitlementsy5FgrP' '--preserve-metadata=identifier,flags,runtime' '/var/folders/tm/4f8dhfvd5n37zxmgbyzqx_r00000gn/T/XcodeDistPipeline.fBY/Root/Payload/rnSupnuevo.app'
2019-03-20 02:18:30 +0000  /var/folders/tm/4f8dhfvd5n37zxmgbyzqx_r00000gn/T/XcodeDistPipeline.fBY/Root/Payload/rnSupnuevo.app: replacing existing signature
2019-03-20 02:18:30 +0000  /var/folders/tm/4f8dhfvd5n37zxmgbyzqx_r00000gn/T/XcodeDistPipeline.fBY/Root/Payload/rnSupnuevo.app: signed app bundle with Mach-O universal (armv7 arm64) [com.ionic.supnuevo]
2019-03-20 02:18:30 +0000  /usr/bin/codesign exited with 0
2019-03-20 02:18:30 +0000  Processing step: IDEDistributionZipODRItemStep
2019-03-20 02:18:30 +0000  Skipping step: IDEDistributionZipODRItemStep because it said so
2019-03-20 02:18:30 +0000  Processing step: IDEDistributionCreateIPAStep
2019-03-20 02:18:30 +0000  Running /usr/bin/rsync '-8aPhhE' '/var/folders/tm/4f8dhfvd5n37zxmgbyzqx_r00000gn/T/XcodeDistPipeline.fBY/Symbols' '--link-dest' '/var/folders/tm/4f8dhfvd5n37zxmgbyzqx_r00000gn/T/XcodeDistPipeline.fBY' '/var/folders/tm/4f8dhfvd5n37zxmgbyzqx_r00000gn/T/XcodeDistPipeline.fBY/Root'
2019-03-20 02:18:30 +0000  building file list ... 
2019-03-20 02:18:30 +0000   0 files...2019-03-20 02:18:30 +0000  3 files to consider
2019-03-20 02:18:30 +0000  Symbols/
2019-03-20 02:18:30 +0000  
2019-03-20 02:18:30 +0000  sent 196 bytes  received 26 bytes  444.00 bytes/sec
total size is 736  speedup is 3.32
2019-03-20 02:18:30 +0000  /usr/bin/rsync exited with 0
2019-03-20 02:18:30 +0000  Running /usr/bin/ditto '-V' '-c' '-k' '--norsrc' '/var/folders/tm/4f8dhfvd5n37zxmgbyzqx_r00000gn/T/XcodeDistPipeline.fBY/Root' '/var/folders/tm/4f8dhfvd5n37zxmgbyzqx_r00000gn/T/XcodeDistPipeline.fBY/Packages/rnSupnuevo.ipa'
2019-03-20 02:18:30 +0000  >>> Copying /var/folders/tm/4f8dhfvd5n37zxmgbyzqx_r00000gn/T/XcodeDistPipeline.fBY/Root 
2019-03-20 02:18:30 +0000  copying file ./Payload/rnSupnuevo.app/_CodeSignature/CodeResources ... 
2019-03-20 02:18:30 +0000  13605 bytes for ./Payload/rnSupnuevo.app/_CodeSignature/CodeResources
2019-03-20 02:18:30 +0000  copying file ./Payload/rnSupnuevo.app/Octicons.ttf ... 
2019-03-20 02:18:30 +0000  27520 bytes for ./Payload/rnSupnuevo.app/Octicons.ttf
2019-03-20 02:18:30 +0000  copying file ./Payload/rnSupnuevo.app/Feather.ttf ... 
2019-03-20 02:18:30 +0000  55288 bytes for ./Payload/rnSupnuevo.app/Feather.ttf
2019-03-20 02:18:30 +0000  copying file ./Payload/rnSupnuevo.app/AppIcon20x20@2x.png ... 
2019-03-20 02:18:30 +0000  2417 bytes for ./Payload/rnSupnuevo.app/AppIcon20x20@2x.png
2019-03-20 02:18:30 +0000  copying file ./Payload/rnSupnuevo.app/Entypo.ttf ... 
2019-03-20 02:18:30 +0000  65584 bytes for ./Payload/rnSupnuevo.app/Entypo.ttf
2019-03-20 02:18:30 +0000  copying file ./Payload/rnSupnuevo.app/AppIcon20x20@3x.png ... 
2019-03-20 02:18:30 +0000  5106 bytes for ./Payload/rnSupnuevo.app/AppIcon20x20@3x.png
copying file ./Payload/rnSupnuevo.app/MaterialCommunityIcons.ttf ... 
2019-03-20 02:18:30 +0000  322456 bytes for ./Payload/rnSupnuevo.app/MaterialCommunityIcons.ttf
2019-03-20 02:18:30 +0000  copying file ./Payload/rnSupnuevo.app/AppIcon60x60@2x.png ... 
2019-03-20 02:18:30 +0000  18036 bytes for ./Payload/rnSupnuevo.app/AppIcon60x60@2x.png
2019-03-20 02:18:30 +0000  copying file ./Payload/rnSupnuevo.app/AppIcon29x29@2x.png ... 
2019-03-20 02:18:30 +0000  4771 bytes for ./Payload/rnSupnuevo.app/AppIcon29x29@2x.png
2019-03-20 02:18:30 +0000  copying file ./Payload/rnSupnuevo.app/AppIcon40x40@3x.png ... 
2019-03-20 02:18:30 +0000  18036 bytes for ./Payload/rnSupnuevo.app/AppIcon40x40@3x.png
2019-03-20 02:18:30 +0000  copying file ./Payload/rnSupnuevo.app/Foundation.ttf ... 
2019-03-20 02:18:30 +0000  56976 bytes for ./Payload/rnSupnuevo.app/Foundation.ttf
2019-03-20 02:18:30 +0000  copying file ./Payload/rnSupnuevo.app/Ionicons.ttf ... 
2019-03-20 02:18:30 +0000  143936 bytes for ./Payload/rnSupnuevo.app/Ionicons.ttf
2019-03-20 02:18:30 +0000  copying file ./Payload/rnSupnuevo.app/AppIcon40x40@2x.png ... 
2019-03-20 02:18:30 +0000  8783 bytes for ./Payload/rnSupnuevo.app/AppIcon40x40@2x.png
2019-03-20 02:18:30 +0000  copying file ./Payload/rnSupnuevo.app/AppIcon29x29@3x.png ... 
2019-03-20 02:18:30 +0000  10241 bytes for ./Payload/rnSupnuevo.app/AppIcon29x29@3x.png
2019-03-20 02:18:30 +0000  copying file ./Payload/rnSupnuevo.app/AppIcon60x60@3x.png ... 
2019-03-20 02:18:30 +0000  35545 bytes for ./Payload/rnSupnuevo.app/AppIcon60x60@3x.png
2019-03-20 02:18:30 +0000  copying file ./Payload/rnSupnuevo.app/Base.lproj/LaunchScreen.nib ... 
2019-03-20 02:18:30 +0000  3099 bytes for ./Payload/rnSupnuevo.app/Base.lproj/LaunchScreen.nib
2019-03-20 02:18:30 +0000  copying file ./Payload/rnSupnuevo.app/FontAwesome.ttf ... 
2019-03-20 02:18:30 +0000  165548 bytes for ./Payload/rnSupnuevo.app/FontAwesome.ttf
2019-03-20 02:18:30 +0000  copying file ./Payload/rnSupnuevo.app/Zocial.ttf ... 
2019-03-20 02:18:30 +0000  25552 bytes for ./Payload/rnSupnuevo.app/Zocial.ttf
2019-03-20 02:18:30 +0000  copying file ./Payload/rnSupnuevo.app/rnSupnuevo ... 
2019-03-20 02:18:31 +0000  2524288 bytes for ./Payload/rnSupnuevo.app/rnSupnuevo
2019-03-20 02:18:31 +0000  copying file ./Payload/rnSupnuevo.app/Assets.car ... 
2019-03-20 02:18:31 +0000  911384 bytes for ./Payload/rnSupnuevo.app/Assets.car
copying file ./Payload/rnSupnuevo.app/main.jsbundle.meta ... 
2019-03-20 02:18:31 +0000  21 bytes for ./Payload/rnSupnuevo.app/main.jsbundle.meta
copying file ./Payload/rnSupnuevo.app/EvilIcons.ttf ... 
13128 bytes for ./Payload/rnSupnuevo.app/EvilIcons.ttf
copying file ./Payload/rnSupnuevo.app/main.jsbundle ... 
2019-03-20 02:18:31 +0000  1670849 bytes for ./Payload/rnSupnuevo.app/main.jsbundle
2019-03-20 02:18:31 +0000  copying file ./Payload/rnSupnuevo.app/SimpleLineIcons.ttf ... 
2019-03-20 02:18:31 +0000  54056 bytes for ./Payload/rnSupnuevo.app/SimpleLineIcons.ttf
2019-03-20 02:18:31 +0000  copying file ./Payload/rnSupnuevo.app/embedded.mobileprovision ... 
2019-03-20 02:18:31 +0000  7521 bytes for ./Payload/rnSupnuevo.app/embedded.mobileprovision
2019-03-20 02:18:31 +0000  copying file ./Payload/rnSupnuevo.app/assets/App/img/tt1@2x.png ... 
2019-03-20 02:18:31 +0000  486193 bytes for ./Payload/rnSupnuevo.app/assets/App/img/tt1@2x.png
2019-03-20 02:18:31 +0000  copying file ./Payload/rnSupnuevo.app/assets/App/img/cart.png ... 
2019-03-20 02:18:31 +0000  70374 bytes for ./Payload/rnSupnuevo.app/assets/App/img/cart.png
2019-03-20 02:18:31 +0000  copying file ./Payload/rnSupnuevo.app/assets/App/img/tt4@2x.jpeg ... 
2019-03-20 02:18:31 +0000  61118 bytes for ./Payload/rnSupnuevo.app/assets/App/img/tt4@2x.jpeg
2019-03-20 02:18:31 +0000  copying file ./Payload/rnSupnuevo.app/assets/App/img/tt2@2x.jpeg ... 
2019-03-20 02:18:31 +0000  44348 bytes for ./Payload/rnSupnuevo.app/assets/App/img/tt2@2x.jpeg
2019-03-20 02:18:31 +0000  copying file ./Payload/rnSupnuevo.app/assets/App/img/tt3@2x.jpeg ... 
2019-03-20 02:18:31 +0000  15742 bytes for ./Payload/rnSupnuevo.app/assets/App/img/tt3@2x.jpeg
2019-03-20 02:18:31 +0000  copying file ./Payload/rnSupnuevo.app/assets/node_modules/react-native-datepicker/date_icon.png ... 
2019-03-20 02:18:31 +0000  1133 bytes for ./Payload/rnSupnuevo.app/assets/node_modules/react-native-datepicker/date_icon.png
2019-03-20 02:18:31 +0000  copying file ./Payload/rnSupnuevo.app/assets/node_modules/react-native-check-box/img/ic_check_box.png ... 
2019-03-20 02:18:31 +0000  169 bytes for ./Payload/rnSupnuevo.app/assets/node_modules/react-native-check-box/img/ic_check_box.png
copying file ./Payload/rnSupnuevo.app/assets/node_modules/react-native-check-box/img/ic_check_box_outline_blank@3x.png ... 
2019-03-20 02:18:31 +0000  218 bytes for ./Payload/rnSupnuevo.app/assets/node_modules/react-native-check-box/img/ic_check_box_outline_blank@3x.png
2019-03-20 02:18:31 +0000  copying file ./Payload/rnSupnuevo.app/assets/node_modules/react-native-check-box/img/ic_check_box_outline_blank@2x.png ... 
2019-03-20 02:18:31 +0000  159 bytes for ./Payload/rnSupnuevo.app/assets/node_modules/react-native-check-box/img/ic_check_box_outline_blank@2x.png
copying file ./Payload/rnSupnuevo.app/assets/node_modules/react-native-check-box/img/ic_check_box@3x.png ... 
2019-03-20 02:18:31 +0000  388 bytes for ./Payload/rnSupnuevo.app/assets/node_modules/react-native-check-box/img/ic_check_box@3x.png
copying file ./Payload/rnSupnuevo.app/assets/node_modules/react-native-check-box/img/ic_check_box_outline_blank.png ... 
2019-03-20 02:18:31 +0000  116 bytes for ./Payload/rnSupnuevo.app/assets/node_modules/react-native-check-box/img/ic_check_box_outline_blank.png
copying file ./Payload/rnSupnuevo.app/assets/node_modules/react-native-check-box/img/ic_check_box@2x.png ... 
265 bytes for ./Payload/rnSupnuevo.app/assets/node_modules/react-native-check-box/img/ic_check_box@2x.png
2019-03-20 02:18:31 +0000  copying file ./Payload/rnSupnuevo.app/Info.plist ... 
2019-03-20 02:18:31 +0000  1998 bytes for ./Payload/rnSupnuevo.app/Info.plist
2019-03-20 02:18:31 +0000  copying file ./Payload/rnSupnuevo.app/PkgInfo ... 
8 bytes for ./Payload/rnSupnuevo.app/PkgInfo
2019-03-20 02:18:31 +0000  copying file ./Payload/rnSupnuevo.app/MaterialIcons.ttf ... 
2019-03-20 02:18:31 +0000  128180 bytes for ./Payload/rnSupnuevo.app/MaterialIcons.ttf
2019-03-20 02:18:31 +0000  copying file ./Symbols/4E935A32-51CF-3DFA-9A24-06B1B0CDADCF.symbols ... 
2019-03-20 02:18:31 +0000  368 bytes for ./Symbols/4E935A32-51CF-3DFA-9A24-06B1B0CDADCF.symbols
copying file ./Symbols/0100A0FA-4606-3280-BCDE-42C094176E73.symbols ... 
2019-03-20 02:18:31 +0000  368 bytes for ./Symbols/0100A0FA-4606-3280-BCDE-42C094176E73.symbols
2019-03-20 02:18:31 +0000  /usr/bin/ditto exited with 0
2019-03-20 02:18:31 +0000  Processing step: IDEDistributionAppStoreInformationStep
2019-03-20 02:18:31 +0000  Skipping step: IDEDistributionAppStoreInformationStep because it said so
2019-03-20 02:18:31 +0000  Processing step: IDEDistributionCreateManifestStep
2019-03-20 02:18:31 +0000  Skipping step: IDEDistributionCreateManifestStep because it said so
